<?xml version="1.0" encoding="UTF-8"?>
<testng-results ignored="0" total="1" passed="1" failed="0" skipped="0">
  <reporter-output>
  </reporter-output>
  <suite started-at="2025-01-15T21:29:16 IST" name="Suite" finished-at="2025-01-15T21:29:24 IST" duration-ms="7838">
    <groups>
      <group name="regression">
        <method signature="LoginTest.verifyTheUserUnableToLoginUsingInvalidPassword()[pri:0, instance:testscript.LoginTest@58e1d9d]" name="verifyTheUserUnableToLoginUsingInvalidPassword" class="testscript.LoginTest"/>
      </group> <!-- regression -->
    </groups>
    <test started-at="2025-01-15T21:29:16 IST" name="Test" finished-at="2025-01-15T21:29:24 IST" duration-ms="7838">
      <class name="testscript.LoginTest">
        <test-method is-config="true" signature="initializebrowser(java.lang.String)[pri:0, instance:testscript.LoginTest@58e1d9d]" started-at="2025-01-15T21:29:16 IST" name="initializebrowser" finished-at="2025-01-15T21:29:20 IST" duration-ms="4149" status="PASS">
          <params>
            <param index="0">
              <value>
                <![CDATA[chrome]]>
              </value>
            </param>
          </params>
          <reporter-output>
          </reporter-output>
        </test-method> <!-- initializebrowser -->
        <test-method signature="verifyTheUserUnableToLoginUsingInvalidPassword()[pri:0, instance:testscript.LoginTest@58e1d9d]" started-at="2025-01-15T21:29:20 IST" name="verifyTheUserUnableToLoginUsingInvalidPassword" description="Test case used to login into admin site using invalid password" finished-at="2025-01-15T21:29:23 IST" duration-ms="3020" status="PASS">
          <reporter-output>
          </reporter-output>
        </test-method> <!-- verifyTheUserUnableToLoginUsingInvalidPassword -->
        <test-method is-config="true" signature="browserQuit(org.testng.ITestResult)[pri:0, instance:testscript.LoginTest@58e1d9d]" started-at="2025-01-15T21:29:23 IST" name="browserQuit" finished-at="2025-01-15T21:29:24 IST" duration-ms="592" status="PASS">
          <params>
            <param index="0">
              <value>
                <![CDATA[[TestResult name=verifyTheUserUnableToLoginUsingInvalidPassword status=SUCCESS method=LoginTest.verifyTheUserUnableToLoginUsingInvalidPassword()[pri:0, instance:testscript.LoginTest@58e1d9d] output={null}]]]>
              </value>
            </param>
          </params>
          <reporter-output>
          </reporter-output>
        </test-method> <!-- browserQuit -->
      </class> <!-- testscript.LoginTest -->
    </test> <!-- Test -->
  </suite> <!-- Suite -->
</testng-results>
