<?xml version="1.0" encoding="UTF-8"?>
<!-- Generated by org.testng.reporters.JUnitXMLReporter -->
<testsuite ignored="3" hostname="DellHome" failures="0" tests="1" name="Test" time="11.24" errors="0" timestamp="2025-01-16T20:49:13 IST">
  <testcase classname="testscript.LoginTest" name="verifyTheUserUnableToLoginUsingInvalidPassword" time="4.337"/>
  <testcase classname="testscript.LoginTest" name="verifyTheUserIsAbleToLoginUsingValidCredentials" time="0.0">
    <ignored/>
  </testcase> <!-- verifyTheUserIsAbleToLoginUsingValidCredentials -->
  <testcase classname="testscript.LoginTest" name="verifyTheUserUnableToLoginUsingInvalidUsernameAndPassword" time="0.0">
    <ignored/>
  </testcase> <!-- verifyTheUserUnableToLoginUsingInvalidUsernameAndPassword -->
  <testcase classname="testscript.LoginTest" name="verifyTheUserUnableToLoginUsingInvalidUserName" time="0.0">
    <ignored/>
  </testcase> <!-- verifyTheUserUnableToLoginUsingInvalidUserName -->
</testsuite> <!-- Test -->
