<?xml version="1.0" encoding="UTF-8"?>
<!-- Generated by org.testng.reporters.JUnitXMLReporter -->
<testsuite ignored="3" hostname="DellHome" failures="0" tests="1" name="edgetest" time="9.872" errors="0" timestamp="2025-01-24T21:31:44 IST">
  <testcase classname="testscript.LoginTest" name="verifyTheUserUnableToLoginUsingInvalidUsernameAndPassword" time="2.326"/>
  <testcase classname="testscript.LoginTest" name="verifyTheUserIsAbleToLoginUsingValidCredentials" time="0.0">
    <ignored/>
  </testcase> <!-- verifyTheUserIsAbleToLoginUsingValidCredentials -->
  <testcase classname="testscript.LoginTest" name="verifyTheUserUnableToLoginUsingInvalidPassword" time="0.0">
    <ignored/>
  </testcase> <!-- verifyTheUserUnableToLoginUsingInvalidPassword -->
  <testcase classname="testscript.LoginTest" name="verifyTheUserUnableToLoginUsingInvalidUserName" time="0.0">
    <ignored/>
  </testcase> <!-- verifyTheUserUnableToLoginUsingInvalidUserName -->
</testsuite> <!-- edgetest -->
