<?xml version="1.0" encoding="UTF-8"?>
<!-- Generated by org.testng.reporters.JUnitXMLReporter -->
<testsuite ignored="3" hostname="DellHome" failures="0" tests="1" name="edgetest" time="16.434" errors="0" timestamp="2025-01-24T21:32:45 IST">
  <testcase classname="testscript.LoginTest" name="verifyTheUserUnableToLoginUsingInvalidUsernameAndPassword" time="5.393"/>
  <testcase classname="testscript.LoginTest" name="verifyTheUserIsAbleToLoginUsingValidCredentials" time="0.0">
    <ignored/>
  </testcase> <!-- verifyTheUserIsAbleToLoginUsingValidCredentials -->
  <testcase classname="testscript.LoginTest" name="verifyTheUserUnableToLoginUsingInvalidPassword" time="0.0">
    <ignored/>
  </testcase> <!-- verifyTheUserUnableToLoginUsingInvalidPassword -->
  <testcase classname="testscript.LoginTest" name="verifyTheUserUnableToLoginUsingInvalidUserName" time="0.0">
    <ignored/>
  </testcase> <!-- verifyTheUserUnableToLoginUsingInvalidUserName -->
</testsuite> <!-- edgetest -->
