<?xml version="1.0" encoding="UTF-8"?>
<!-- Generated by org.testng.reporters.JUnitXMLReporter -->
<testsuite ignored="0" hostname="DellHome" failures="0" tests="4" name="chrometest" time="16.982" errors="0" timestamp="2025-01-25T15:40:10 IST">
  <testcase classname="testscript.ManageFooterTest" name="ensureThatUpdateButtonIsDisplayedinFooterPage" time="4.219"/>
  <testcase classname="testscript.ManageContactTest" name="ensureWhetherUserIsAbleToEditContactDetails" time="5.971"/>
  <testcase classname="testscript.ManageContactTest" name="validateWhetherUpdateButtonIsDisplayedInContactPage" time="3.078"/>
  <testcase classname="testscript.ManageFooterTest" name="validateIfUserIsAbleToeditFooterTextDetails" time="5.846"/>
</testsuite> <!-- chrometest -->
