<?xml version="1.0" encoding="UTF-8"?>
<!-- Generated by org.testng.reporters.JUnitXMLReporter -->
<testsuite ignored="0" hostname="DellHome" failures="0" tests="5" name="chrometest" time="20.623" errors="0" timestamp="2025-01-08T19:57:18 IST">
  <testcase classname="testscript.ManageFooterTest" name="checkUpdateButtonIsDispalyed" time="2.951"/>
  <testcase classname="testscript.ManageNewsTest" name="createNews" time="3.195"/>
  <testcase classname="testscript.ManageFooterTest" name="editFooterTextDetails" time="4.748"/>
  <testcase classname="testscript.AdminUsersTest" name="createNewUser" time="4.746"/>
  <testcase classname="testscript.ManageProductTest" name="deleteProduct" time="1.885"/>
</testsuite> <!-- chrometest -->
