<?xml version="1.0" encoding="UTF-8"?>
<!-- Generated by org.testng.reporters.JUnitXMLReporter -->
<testsuite ignored="0" hostname="DellHome" failures="0" tests="3" name="noParameterTest" time="0.317" errors="0" timestamp="2025-01-24T21:46:35 IST">
  <testcase classname="testscript.ManageNewsTest" name="checkWhetherUserIsAbleToCreateNews" time="0.001">
    <skipped/>
  </testcase> <!-- checkWhetherUserIsAbleToCreateNews -->
  <testcase classname="testscript.ManageFooterTest" name="ensureThatUpdateButtonIsDisplayedinFooterPage" time="0.0">
    <skipped/>
  </testcase> <!-- ensureThatUpdateButtonIsDisplayedinFooterPage -->
  <testcase classname="testscript.ManageFooterTest" name="validateIfUserIsAbleToeditFooterTextDetails" time="0.001">
    <skipped/>
  </testcase> <!-- validateIfUserIsAbleToeditFooterTextDetails -->
</testsuite> <!-- noParameterTest -->
