<?xml version="1.0" encoding="UTF-8"?>
<testng-results ignored="0" total="1" passed="1" failed="0" skipped="0">
  <reporter-output>
  </reporter-output>
  <suite started-at="2025-01-16T20:49:01 IST" name="Suite" finished-at="2025-01-16T20:49:12 IST" duration-ms="11240">
    <groups>
      <group name="regression">
        <method signature="LoginTest.verifyTheUserUnableToLoginUsingInvalidPassword()[pri:0, instance:testscript.LoginTest@74e28667]" name="verifyTheUserUnableToLoginUsingInvalidPassword" class="testscript.LoginTest"/>
      </group> <!-- regression -->
    </groups>
    <test started-at="2025-01-16T20:49:01 IST" name="Test" finished-at="2025-01-16T20:49:12 IST" duration-ms="11240">
      <class name="testscript.LoginTest">
        <test-method is-config="true" signature="initializebrowser(java.lang.String)[pri:0, instance:testscript.LoginTest@74e28667]" started-at="2025-01-16T20:49:01 IST" name="initializebrowser" finished-at="2025-01-16T20:49:07 IST" duration-ms="6274" status="PASS">
          <params>
            <param index="0">
              <value>
                <![CDATA[chrome]]>
              </value>
            </param>
          </params>
          <reporter-output>
          </reporter-output>
        </test-method> <!-- initializebrowser -->
        <test-method signature="verifyTheUserUnableToLoginUsingInvalidPassword()[pri:0, instance:testscript.LoginTest@74e28667]" started-at="2025-01-16T20:49:07 IST" name="verifyTheUserUnableToLoginUsingInvalidPassword" description="Test case used to login into admin site using invalid password" finished-at="2025-01-16T20:49:11 IST" duration-ms="4337" status="PASS">
          <reporter-output>
          </reporter-output>
        </test-method> <!-- verifyTheUserUnableToLoginUsingInvalidPassword -->
        <test-method is-config="true" signature="browserQuit(org.testng.ITestResult)[pri:0, instance:testscript.LoginTest@74e28667]" started-at="2025-01-16T20:49:11 IST" name="browserQuit" finished-at="2025-01-16T20:49:12 IST" duration-ms="484" status="PASS">
          <params>
            <param index="0">
              <value>
                <![CDATA[[TestResult name=verifyTheUserUnableToLoginUsingInvalidPassword status=SUCCESS method=LoginTest.verifyTheUserUnableToLoginUsingInvalidPassword()[pri:0, instance:testscript.LoginTest@74e28667] output={null}]]]>
              </value>
            </param>
          </params>
          <reporter-output>
          </reporter-output>
        </test-method> <!-- browserQuit -->
      </class> <!-- testscript.LoginTest -->
    </test> <!-- Test -->
  </suite> <!-- Suite -->
</testng-results>
